{"uuid":"102f3c92-1244-4347-abab-508ddd963181","historyId":"42216ece9c27a2414226253fe1256fa4","fullName":"AvtoTesting.Registration.negativeTestValueDataProvider","labels":[{"name":"package","value":"AvtoTesting.Registration"},{"name":"testClass","value":"AvtoTesting.Registration"},{"name":"testMethod","value":"negativeTestValueDataProvider"},{"name":"parentSuite","value":"Default Suite"},{"name":"suite","value":"AvtomatizationTest"},{"name":"subSuite","value":"AvtoTesting.Registration"},{"name":"host","value":"Sergey"},{"name":"thread","value":"6468@Sergey.main(1)"},{"name":"framework","value":"testng"},{"name":"language","value":"java"}],"links":[],"name":"negativeTestValueDataProvider","status":"skipped","statusDetails":{"known":false,"muted":false,"flaky":false,"message":"java.lang.ArrayIndexOutOfBoundsException: Index 3 out of bounds for length 3","trace":"java.lang.RuntimeException: java.lang.ArrayIndexOutOfBoundsException: Index 3 out of bounds for length 3\r\n\tat org.testng.internal.MethodInvocationHelper.invokeMethodNoCheckedException(MethodInvocationHelper.java:49)\r\n\tat org.testng.internal.MethodInvocationHelper.invokeDataProvider(MethodInvocationHelper.java:111)\r\n\tat org.testng.internal.Parameters.handleParameters(Parameters.java:509)\r\n\tat org.testng.internal.Invoker.handleParameters(Invoker.java:1293)\r\n\tat org.testng.internal.Invoker.createParameters(Invoker.java:1020)\r\n\tat org.testng.internal.Invoker.invokeTestMethods(Invoker.java:1110)\r\n\tat org.testng.internal.TestMethodWorker.invokeTestMethods(TestMethodWorker.java:129)\r\n\tat org.testng.internal.TestMethodWorker.run(TestMethodWorker.java:112)\r\n\tat org.testng.TestRunner.privateRun(TestRunner.java:756)\r\n\tat org.testng.TestRunner.run(TestRunner.java:610)\r\n\tat org.testng.SuiteRunner.runTest(SuiteRunner.java:387)\r\n\tat org.testng.SuiteRunner.runSequentially(SuiteRunner.java:382)\r\n\tat org.testng.SuiteRunner.privateRun(SuiteRunner.java:340)\r\n\tat org.testng.SuiteRunner.run(SuiteRunner.java:289)\r\n\tat org.testng.SuiteRunnerWorker.runSuite(SuiteRunnerWorker.java:52)\r\n\tat org.testng.SuiteRunnerWorker.run(SuiteRunnerWorker.java:86)\r\n\tat org.testng.TestNG.runSuitesSequentially(TestNG.java:1293)\r\n\tat org.testng.TestNG.runSuitesLocally(TestNG.java:1218)\r\n\tat org.testng.TestNG.runSuites(TestNG.java:1133)\r\n\tat org.testng.TestNG.run(TestNG.java:1104)\r\n\tat com.intellij.rt.testng.IDEARemoteTestNG.run(IDEARemoteTestNG.java:65)\r\n\tat com.intellij.rt.testng.RemoteTestNGStarter.main(RemoteTestNGStarter.java:105)\r\nCaused by: java.lang.ArrayIndexOutOfBoundsException: Index 3 out of bounds for length 3\r\n\tat AvtoTesting.Registration.dataProviderMethod(Registration.java:83)\r\n\tat java.base/jdk.internal.reflect.DirectMethodHandleAccessor.invoke(DirectMethodHandleAccessor.java:104)\r\n\tat java.base/java.lang.reflect.Method.invoke(Method.java:578)\r\n\tat org.testng.internal.MethodInvocationHelper.invokeMethod(MethodInvocationHelper.java:104)\r\n\tat org.testng.internal.MethodInvocationHelper.invokeMethod(MethodInvocationHelper.java:55)\r\n\tat org.testng.internal.MethodInvocationHelper.invokeMethodNoCheckedException(MethodInvocationHelper.java:45)\r\n\t... 21 more\r\n"},"stage":"finished","steps":[],"attachments":[],"parameters":[],"start":1710764349914,"stop":1710764349916}